{
  "rounds": 60,
  "pilot_schema_counts": {
    "2": 60
  },
  "failure_domain_counts": {
    "AUTH": 2,
    "CIRCUIT": 58
  },
  "failure_code_counts": {
    "MISSING_CREDENTIALS": 2,
    "CIRCUIT_OPEN": 58
  },
  "vendor_failure_event_domain_counts": {
    "AUTH": 2,
    "CIRCUIT": 58
  },
  "vendor_failure_event_code_counts": {
    "MISSING_CREDENTIALS": 2,
    "CIRCUIT_OPEN": 58
  },
  "provider_status_counts": {
    "ERROR": 2,
    "CIRCUIT_OPEN": 58
  },
  "timeout_signal_rounds": 0,
  "snapshot_age_s_max": 3600.0,
  "snapshot_age_s_p95": 3600.0,
  "latency_ms_distribution": {
    "n": 60,
    "min_ms": 0.04,
    "p50_ms": 0.043,
    "p90_ms": 0.054,
    "p95_ms": 0.069,
    "p99_ms": 0.123,
    "max_ms": 0.244
  },
  "primary_latency_ms_distribution": {
    "n": 60,
    "min_ms": 0.013,
    "p50_ms": 0.014,
    "p90_ms": 0.017,
    "p95_ms": 0.025,
    "p99_ms": 0.066,
    "max_ms": 0.115
  },
  "fallback_latency_ms_distribution": {
    "n": 60,
    "min_ms": 0.009,
    "p50_ms": 0.009,
    "p90_ms": 0.01,
    "p95_ms": 0.014,
    "p99_ms": 0.044,
    "max_ms": 0.047
  },
  "latency_ms_p95": 0.069,
  "effective_freshness_counts": {
    "FRESH": 60
  },
  "primary_freshness_counts": {
    "MISSING": 60
  },
  "fallback_applied_rounds": 60,
  "stale_or_old_snapshot_rounds": 60,
  "rate_limit_proxy_rounds": 0,
  "auth_domain_rounds": 4
}

# Pilot summary (60 rounds) - review before applying
# Observed many STALE or large snapshot ages -> widen LIVE window or use US RTH off-hours law.
# STRATEGY_VALIDATOR_LIVE_MARKET_DATA_FRESHNESS_THRESHOLD_SECONDS=<raise_from_observed_p95_age>
# STRATEGY_VALIDATOR_LIVE_FRESHNESS_MARKET_HOURS_PROFILE=US_EQUITIES_RTH
# STRATEGY_VALIDATOR_LIVE_FRESHNESS_OFF_HOURS_THRESHOLD_SECONDS=<match_off_hours_p95>
# Observed AUTH-class failures -> fix credentials / key rotation (not threshold tuning).
