{
  "generated_at_utc": "2026-04-16T11:53:33.008545Z",
  "closure_id": "release_closure_2026-04-13",
  "snapshot_path": "docs/artifacts/release_closure_2026-04-13/CLOSURE_SNAPSHOT.json",
  "verification_path": "docs/artifacts/release_closure_2026-04-13/CLOSURE_SNAPSHOT.current.verification.json",
  "evidence_integrity_status": "VERIFIED",
  "machine_decision": "BLOCK_AND_INVESTIGATE",
  "signoff_status": "WITHHELD",
  "final_release_stance": "SIGNOFF_WITHHELD",
  "primary_classification": "RUNTIME_FAILURE",
  "secondary_classifications": [
    "DATA_QUALITY_DEGRADATION",
    "POLICY_MISMATCH"
  ],
  "governed_exception_eligible": false,
  "governed_exception_codes": [],
  "applied_governed_exception_id": null,
  "applied_governed_exception_code": null,
  "applied_governed_exception_approved_by": null,
  "applied_governed_exception_valid_until_utc": null,
  "reasons": [
    "Circuit remains open without recovery/fallback."
  ],
  "required_operator_actions": [
    "Investigate and remediate must-fix runtime blockers before signoff."
  ],
  "summary_line": "Verified closure evidence withholds signoff until runtime blockers or policy mismatches are resolved."
}
